<?xml version="1.0" encoding="UTF-8"?>
<!-- Generated by org.testng.reporters.JUnitReportReporter -->
<testsuite skipped="0" hostname="Rashels-Air.fios-router.home" name="com.testngrunner.TestNGRunner" tests="1" failures="0" timestamp="01 Mar 2019 23:21:22 GMT" time="0.027" errors="0">
  <testcase name="feature" time="0.027" classname="com.testngrunner.TestNGRunner"/>
</testsuite> <!-- com.testngrunner.TestNGRunner -->
